[debug] [2025-04-27T10:37:22.667Z] ----------------------------------------------------------------------
[debug] [2025-04-27T10:37:22.673Z] Command:       C:\Program Files\nodejs\node.exe C:\Users\Abu Zafor\AppData\Roaming\npm\node_modules\firebase-tools\lib\bin\firebase.js init
[debug] [2025-04-27T10:37:22.674Z] CLI Version:   14.2.1
[debug] [2025-04-27T10:37:22.675Z] Platform:      win32
[debug] [2025-04-27T10:37:22.675Z] Node Version:  v22.15.0
[debug] [2025-04-27T10:37:22.676Z] Time:          Sun Apr 27 2025 16:37:22 GMT+0600 (Bangladesh Standard Time)
[debug] [2025-04-27T10:37:22.677Z] ----------------------------------------------------------------------
[debug] 
[debug] [2025-04-27T10:37:22.685Z] >>> [apiv2][query] GET https://firebase-public.firebaseio.com/cli.json [none]
[debug] [2025-04-27T10:37:22.804Z] > command requires scopes: ["email","openid","https://www.googleapis.com/auth/cloudplatformprojects.readonly","https://www.googleapis.com/auth/firebase","https://www.googleapis.com/auth/cloud-platform"]
[debug] [2025-04-27T10:37:22.805Z] > authorizing via signed-in user (abuzafor2002@gmail.com)
[info] 
     ######## #### ########  ######## ########     ###     ######  ########
     ##        ##  ##     ## ##       ##     ##  ##   ##  ##       ##
     ######    ##  ########  ######   ########  #########  ######  ######
     ##        ##  ##    ##  ##       ##     ## ##     ##       ## ##
     ##       #### ##     ## ######## ########  ##     ##  ######  ########

You're about to initialize a Firebase project in this directory:

  C:\Users\Abu Zafor\Desktop\Smart Irrigation System\Limons Irrigation\web

[debug] [2025-04-27T10:37:23.427Z] <<< [apiv2][status] GET https://firebase-public.firebaseio.com/cli.json 200
[debug] [2025-04-27T10:37:23.427Z] <<< [apiv2][body] GET https://firebase-public.firebaseio.com/cli.json {"cloudBuildErrorAfter":1594252800000,"cloudBuildWarnAfter":1590019200000,"defaultNode10After":1594252800000,"minVersion":"3.0.5","node8DeploysDisabledAfter":1613390400000,"node8RuntimeDisabledAfter":1615809600000,"node8WarnAfter":1600128000000}
[info] 
=== Project Setup
[info] 
[info] First, let's associate this project directory with a Firebase project.
[info] You can create multiple project aliases by running firebase use --add, 
[info] but for now we'll just set up a default project.
[info] 
[debug] [2025-04-27T11:17:14.622Z] Checked if tokens are valid: false, expires at: 1745562603138
[debug] [2025-04-27T11:17:14.623Z] Checked if tokens are valid: false, expires at: 1745562603138
[debug] [2025-04-27T11:17:14.624Z] > refreshing access token with scopes: []
[debug] [2025-04-27T11:17:14.631Z] >>> [apiv2][query] POST https://www.googleapis.com/oauth2/v3/token [none]
[debug] [2025-04-27T11:17:14.631Z] >>> [apiv2][body] POST https://www.googleapis.com/oauth2/v3/token [omitted]
[debug] [2025-04-27T11:17:14.872Z] <<< [apiv2][status] POST https://www.googleapis.com/oauth2/v3/token 200
[debug] [2025-04-27T11:17:14.873Z] <<< [apiv2][body] POST https://www.googleapis.com/oauth2/v3/token [omitted]
[debug] [2025-04-27T11:17:15.061Z] >>> [apiv2][query] GET https://firebase.googleapis.com/v1beta1/projects pageSize=100
[debug] [2025-04-27T11:17:15.857Z] <<< [apiv2][status] GET https://firebase.googleapis.com/v1beta1/projects 200
[debug] [2025-04-27T11:17:15.857Z] <<< [apiv2][body] GET https://firebase.googleapis.com/v1beta1/projects [omitted]
[info] i  Using project limon-irrigation-system (Limon Irrigation System) 
[info] 
=== Hosting Setup
[debug] [2025-04-27T11:17:18.947Z] Checked if tokens are valid: true, expires at: 1745756233873
[debug] [2025-04-27T11:17:18.947Z] Checked if tokens are valid: true, expires at: 1745756233873
[debug] [2025-04-27T11:17:18.947Z] >>> [apiv2][query] GET https://firebase.googleapis.com/v1beta1/projects/limon-irrigation-system [none]
[debug] [2025-04-27T11:17:19.367Z] <<< [apiv2][status] GET https://firebase.googleapis.com/v1beta1/projects/limon-irrigation-system 200
[debug] [2025-04-27T11:17:19.367Z] <<< [apiv2][body] GET https://firebase.googleapis.com/v1beta1/projects/limon-irrigation-system {"projectId":"limon-irrigation-system","projectNumber":"1029566605988","displayName":"Limon Irrigation System","name":"projects/limon-irrigation-system","resources":{"hostingSite":"limon-irrigation-system","realtimeDatabaseInstance":"limon-irrigation-system-default-rtdb"},"state":"ACTIVE","etag":"1_7ffe189d-7663-49e9-a541-41c4b29c33ee"}
[info] 
[info] Your public directory is the folder (relative to your project directory) that
[info] will contain Hosting assets to be uploaded with firebase deploy. If you
[info] have a build process for your assets, use your build's output directory.
[info] 
